<?xml version="1.0" encoding="UTF-8"?>
<testsuite name="Ordenar producto" tests="1" skipped="0" failures="0" errors="0" timestamp="2022-07-12T19:39:04" hostname="DESKTOP-UV7T854" time="4.187">
  <properties/>
  <testcase name="Ordernar productos de mayor a menor precio" classname="Ordenar producto" time="4.187"/>
  <system-out><![CDATA[






]]></system-out>
  <system-err><![CDATA[[Test worker] INFO net.thucydides.core.steps.ConsoleLoggingListener - 
 _____ _____ ____ _____   ____ _____  _    ____ _____ _____ ____  
|_   _| ____/ ___|_   _| / ___|_   _|/ \  |  _ \_   _| ____|  _ \ 
  | | |  _| \___ \ | |   \___ \ | | / _ \ | |_) || | |  _| | | | |
  | | | |___ ___) || |    ___) || |/ ___ \|  _ < | | | |___| |_| |
  |_| |_____|____/ |_|   |____/ |_/_/   \_\_| \_\|_| |_____|____/ 
                                                                  

TEST STARTED: Ordernar productos de mayor a menor precio
-------------------------------------------------------------------(ordenar-producto;ordernar-productos-de-mayor-a-menor-precio)
[Test worker] INFO net.thucydides.core.steps.ConsoleLoggingListener - STARTING STEP Dado que el usuario ingresa a la pagina de soucelabs
| usuario | standard_user |
| clave | secret_sauce |
[Test worker] INFO net.thucydides.core.steps.ConsoleLoggingListener - STARTING STEP Abrir navegador
jul. 12, 2022 2:39:04 P. M. org.openqa.selenium.remote.DesiredCapabilities chrome
INFO: Using `new ChromeOptions()` is preferred to `DesiredCapabilities.chrome()`
[1657654745.534][WARNING]: This version of ChromeDriver has not been tested with Chrome version 103.
jul. 12, 2022 2:39:05 P. M. org.openqa.selenium.remote.ProtocolHandshake createSession
INFO: Detected dialect: W3C
[Test worker] INFO net.thucydides.core.steps.ConsoleLoggingListener - FINISHING STEP
[Test worker] INFO net.thucydides.core.steps.ConsoleLoggingListener - STARTING STEP Hacer autenticacion: {usuario=standard_user, clave=secret_sauce}
[Test worker] INFO net.thucydides.core.steps.ConsoleLoggingListener - FINISHING STEP
[Test worker] INFO net.thucydides.core.steps.ConsoleLoggingListener - FINISHING STEP
[Test worker] INFO net.thucydides.core.steps.ConsoleLoggingListener - STARTING STEP Cuando el usuario ordena los productos de mayor a menor precio
[Test worker] INFO net.thucydides.core.steps.ConsoleLoggingListener - STARTING STEP Ordenar productos descentemente
[Test worker] INFO net.thucydides.core.steps.ConsoleLoggingListener - FINISHING STEP
[Test worker] INFO net.thucydides.core.steps.ConsoleLoggingListener - FINISHING STEP
[Test worker] INFO net.thucydides.core.steps.ConsoleLoggingListener - STARTING STEP Entonces el usuario debe visualizar los productos en orden descendente
[Test worker] INFO net.thucydides.core.steps.ConsoleLoggingListener - STARTING STEP Comprobar producto mas caro
[Test worker] INFO net.thucydides.core.steps.ConsoleLoggingListener - FINISHING STEP
[Test worker] INFO net.thucydides.core.steps.ConsoleLoggingListener - FINISHING STEP
]]></system-err>
</testsuite>
